PRT1
56
114
173
4 0 14 0 (1024 0 1000 ) (1024 0 1024 ) (1000 0 1024 ) (1000 0 1000 ) 
4 0 4 0 (1000 0 1016 ) (1000 0 1024 ) (1000 1000 1024 ) (1000 1000 1016 ) 
4 0 3 0 (1000 1024 1024 ) (1000 1024 1000 ) (1000 1000 1000 ) (1000 1000 1024 ) 
4 0 2 0 (1000 1000 1000 ) (1000 1024 1000 ) (1016 1024 1000 ) (1016 1000 1000 ) 
4 0 1 0 (1024 0 1000 ) (1016 0 1000 ) (1016 1024 1000 ) (1024 1024 1000 ) 
4 1 15 0 (1016 0 0 ) (1024 0 0 ) (1024 0 1000 ) (1016 0 1000 ) 
4 1 7 0 (1024 0 0 ) (1016 0 0 ) (1016 1024 0 ) (1024 1024 0 ) 
4 1 2 0 (1016 1024 0 ) (1016 1000 0 ) (1016 1000 1000 ) (1016 1024 1000 ) 
4 2 8 0 (1000 1000 0 ) (1000 1024 0 ) (1016 1024 0 ) (1016 1000 0 ) 
4 2 5 0 (1000 1024 1000 ) (1000 1024 0 ) (1000 1016 0 ) (1000 1016 1000 ) 
4 3 28 0 (0 1000 1024 ) (0 1024 1024 ) (0 1024 1000 ) (0 1000 1000 ) 
4 3 5 0 (1000 1024 1000 ) (1000 1016 1000 ) (0 1016 1000 ) (0 1024 1000 ) 
4 3 4 0 (0 1000 1024 ) (0 1000 1016 ) (1000 1000 1016 ) (1000 1000 1024 ) 
4 4 31 0 (0 0 1016 ) (0 0 1024 ) (0 1000 1024 ) (0 1000 1016 ) 
4 4 17 0 (0 0 1024 ) (0 0 1016 ) (1000 0 1016 ) (1000 0 1024 ) 
4 5 29 0 (0 1016 1000 ) (0 1024 1000 ) (0 1024 0 ) (0 1016 0 ) 
4 5 10 0 (0 1016 0 ) (0 1024 0 ) (1000 1024 0 ) (1000 1016 0 ) 
4 6 34 0 (0 0 0 ) (0 0 1000 ) (0 1000 1000 ) (0 1000 0 ) 
4 6 20 0 (0 0 1000 ) (0 0 0 ) (1000 0 0 ) (1000 0 1000 ) 
4 6 11 0 (1000 0 0 ) (0 0 0 ) (0 1000 0 ) (1000 1000 0 ) 
4 7 21 0 (1024 0 -1000 ) (1024 0 0 ) (1016 0 0 ) (1016 0 -1000 ) 
4 7 8 0 (1016 1024 -1000 ) (1016 1000 -1000 ) (1016 1000 0 ) (1016 1024 0 ) 
4 7 9 0 (1024 0 -1000 ) (1016 0 -1000 ) (1016 1024 -1000 ) (1024 1024 -1000 ) 
4 8 10 0 (1000 1016 0 ) (1000 1024 0 ) (1000 1024 -1000 ) (1000 1016 -1000 ) 
4 8 9 0 (1000 1000 -1000 ) (1000 1024 -1000 ) (1016 1024 -1000 ) (1016 1000 -1000 ) 
4 9 23 0 (1000 0 -1024 ) (1024 0 -1024 ) (1024 0 -1000 ) (1000 0 -1000 ) 
4 9 13 0 (1000 0 -1024 ) (1000 0 -1016 ) (1000 1000 -1016 ) (1000 1000 -1024 ) 
4 9 12 0 (1000 1000 -1000 ) (1000 1024 -1000 ) (1000 1024 -1024 ) (1000 1000 -1024 ) 
4 10 35 0 (0 1016 0 ) (0 1024 0 ) (0 1024 -1000 ) (0 1016 -1000 ) 
4 10 12 0 (1000 1024 -1000 ) (1000 1016 -1000 ) (0 1016 -1000 ) (0 1024 -1000 ) 
4 11 39 0 (0 0 -1000 ) (0 0 0 ) (0 1000 0 ) (0 1000 -1000 ) 
4 11 25 0 (0 0 0 ) (0 0 -1000 ) (1000 0 -1000 ) (1000 0 0 ) 
4 12 37 0 (0 1024 -1024 ) (0 1000 -1024 ) (0 1000 -1000 ) (0 1024 -1000 ) 
4 12 13 0 (1000 1000 -1024 ) (1000 1000 -1016 ) (0 1000 -1016 ) (0 1000 -1024 ) 
4 13 41 0 (0 1000 -1024 ) (0 0 -1024 ) (0 0 -1016 ) (0 1000 -1016 ) 
4 13 27 0 (0 0 -1016 ) (0 0 -1024 ) (1000 0 -1024 ) (1000 0 -1016 ) 
4 14 18 0 (1000 -1000 1000 ) (1000 -1024 1000 ) (1000 -1024 1016 ) (1000 -1000 1016 ) 
4 14 17 0 (1000 0 1024 ) (1000 0 1016 ) (1000 -1024 1016 ) (1000 -1024 1024 ) 
4 14 16 0 (1016 -1024 1000 ) (1000 -1024 1000 ) (1000 -1000 1000 ) (1016 -1000 1000 ) 
4 14 15 0 (1024 -1024 1000 ) (1016 -1024 1000 ) (1016 0 1000 ) (1024 0 1000 ) 
4 15 21 0 (1024 -1024 0 ) (1016 -1024 0 ) (1016 0 0 ) (1024 0 0 ) 
4 15 16 0 (1016 -1000 0 ) (1016 -1024 0 ) (1016 -1024 1000 ) (1016 -1000 1000 ) 
4 16 22 0 (1016 -1024 0 ) (1000 -1024 0 ) (1000 -1000 0 ) (1016 -1000 0 ) 
4 16 19 0 (1000 -1016 0 ) (1000 -1024 0 ) (1000 -1024 1000 ) (1000 -1016 1000 ) 
4 17 42 0 (0 -1024 1016 ) (0 -1024 1024 ) (0 0 1024 ) (0 0 1016 ) 
4 17 18 0 (0 -1024 1016 ) (0 -1000 1016 ) (1000 -1000 1016 ) (1000 -1024 1016 ) 
4 18 44 0 (0 -1024 1000 ) (0 -1024 1016 ) (0 -1000 1016 ) (0 -1000 1000 ) 
4 18 19 0 (0 -1024 1000 ) (0 -1016 1000 ) (1000 -1016 1000 ) (1000 -1024 1000 ) 
4 19 46 0 (0 -1024 0 ) (0 -1024 1000 ) (0 -1016 1000 ) (0 -1016 0 ) 
4 19 24 0 (1000 -1024 0 ) (0 -1024 0 ) (0 -1016 0 ) (1000 -1016 0 ) 
4 20 48 0 (0 -1000 1000 ) (0 0 1000 ) (0 0 0 ) (0 -1000 0 ) 
4 20 25 0 (0 -1000 0 ) (0 0 0 ) (1000 0 0 ) (1000 -1000 0 ) 
4 21 22 0 (1016 -1000 -1000 ) (1016 -1024 -1000 ) (1016 -1024 0 ) (1016 -1000 0 ) 
4 21 23 0 (1024 -1024 -1000 ) (1016 -1024 -1000 ) (1016 0 -1000 ) (1024 0 -1000 ) 
4 22 24 0 (1000 -1024 -1000 ) (1000 -1024 0 ) (1000 -1016 0 ) (1000 -1016 -1000 ) 
4 22 23 0 (1016 -1024 -1000 ) (1000 -1024 -1000 ) (1000 -1000 -1000 ) (1016 -1000 -1000 ) 
4 23 27 0 (1000 0 -1016 ) (1000 0 -1024 ) (1000 -1000 -1024 ) (1000 -1000 -1016 ) 
4 23 26 0 (1000 -1024 -1024 ) (1000 -1024 -1000 ) (1000 -1000 -1000 ) (1000 -1000 -1024 ) 
4 24 50 0 (0 -1024 -1000 ) (0 -1024 0 ) (0 -1016 0 ) (0 -1016 -1000 ) 
4 24 26 0 (0 -1024 -1000 ) (0 -1016 -1000 ) (1000 -1016 -1000 ) (1000 -1024 -1000 ) 
4 25 52 0 (0 -1000 0 ) (0 0 0 ) (0 0 -1000 ) (0 -1000 -1000 ) 
4 26 55 0 (0 -1024 -1016 ) (0 -1024 -1000 ) (0 -1000 -1000 ) (0 -1000 -1016 ) 
4 26 53 0 (0 -1000 -1024 ) (0 -1024 -1024 ) (0 -1024 -1016 ) (0 -1000 -1016 ) 
4 26 27 0 (0 -1000 -1024 ) (0 -1000 -1016 ) (1000 -1000 -1016 ) (1000 -1000 -1024 ) 
4 27 53 0 (0 0 -1024 ) (0 -1000 -1024 ) (0 -1000 -1016 ) (0 0 -1016 ) 
4 28 32 0 (-1024 1000 1016 ) (-1024 1000 1000 ) (-1000 1000 1000 ) (-1000 1000 1016 ) 
4 28 31 0 (-1024 1000 1024 ) (-1024 1000 1016 ) (0 1000 1016 ) (0 1000 1024 ) 
4 28 30 0 (-1000 1000 1000 ) (-1024 1000 1000 ) (-1024 1016 1000 ) (-1000 1016 1000 ) 
4 28 29 0 (-1024 1016 1000 ) (-1024 1024 1000 ) (0 1024 1000 ) (0 1016 1000 ) 
4 29 35 0 (-1024 1016 0 ) (-1024 1024 0 ) (0 1024 0 ) (0 1016 0 ) 
4 29 30 0 (-1024 1016 0 ) (-1000 1016 0 ) (-1000 1016 1000 ) (-1024 1016 1000 ) 
4 30 36 0 (-1024 1000 0 ) (-1024 1016 0 ) (-1000 1016 0 ) (-1000 1000 0 ) 
4 30 33 0 (-1024 1000 1000 ) (-1024 1000 0 ) (-1016 1000 0 ) (-1016 1000 1000 ) 
4 31 42 0 (-1024 0 1024 ) (-1024 0 1016 ) (0 0 1016 ) (0 0 1024 ) 
4 31 32 0 (-1000 0 1016 ) (-1024 0 1016 ) (-1024 1000 1016 ) (-1000 1000 1016 ) 
4 32 43 0 (-1024 0 1016 ) (-1024 0 1000 ) (-1000 0 1000 ) (-1000 0 1016 ) 
4 32 33 0 (-1016 0 1000 ) (-1024 0 1000 ) (-1024 1000 1000 ) (-1016 1000 1000 ) 
4 33 47 0 (-1024 0 1000 ) (-1024 0 0 ) (-1016 0 0 ) (-1016 0 1000 ) 
4 33 38 0 (-1016 0 0 ) (-1024 0 0 ) (-1024 1000 0 ) (-1016 1000 0 ) 
4 34 48 0 (-1000 0 0 ) (0 0 0 ) (0 0 1000 ) (-1000 0 1000 ) 
4 34 39 0 (0 0 0 ) (-1000 0 0 ) (-1000 1000 0 ) (0 1000 0 ) 
4 35 36 0 (-1024 1016 -1000 ) (-1000 1016 -1000 ) (-1000 1016 0 ) (-1024 1016 0 ) 
4 35 37 0 (-1024 1016 -1000 ) (-1024 1024 -1000 ) (0 1024 -1000 ) (0 1016 -1000 ) 
4 36 38 0 (-1016 1000 0 ) (-1024 1000 0 ) (-1024 1000 -1000 ) (-1016 1000 -1000 ) 
4 36 37 0 (-1000 1000 -1000 ) (-1024 1000 -1000 ) (-1024 1016 -1000 ) (-1000 1016 -1000 ) 
4 37 41 0 (0 1000 -1024 ) (0 1000 -1016 ) (-1000 1000 -1016 ) (-1000 1000 -1024 ) 
4 37 40 0 (-1000 1000 -1000 ) (-1024 1000 -1000 ) (-1024 1000 -1024 ) (-1000 1000 -1024 ) 
4 38 51 0 (-1024 0 0 ) (-1024 0 -1000 ) (-1016 0 -1000 ) (-1016 0 0 ) 
4 38 40 0 (-1016 0 -1000 ) (-1024 0 -1000 ) (-1024 1000 -1000 ) (-1016 1000 -1000 ) 
4 39 52 0 (-1000 0 -1000 ) (0 0 -1000 ) (0 0 0 ) (-1000 0 0 ) 
4 40 54 0 (-1024 0 -1000 ) (-1024 0 -1016 ) (-1000 0 -1016 ) (-1000 0 -1000 ) 
4 40 53 0 (-1024 0 -1016 ) (-1024 0 -1024 ) (-1000 0 -1024 ) (-1000 0 -1016 ) 
4 40 41 0 (-1000 1000 -1024 ) (-1000 1000 -1016 ) (-1000 0 -1016 ) (-1000 0 -1024 ) 
4 41 53 0 (-1000 0 -1024 ) (0 0 -1024 ) (0 0 -1016 ) (-1000 0 -1016 ) 
4 42 44 0 (0 -1000 1016 ) (0 -1024 1016 ) (-1000 -1024 1016 ) (-1000 -1000 1016 ) 
4 42 43 0 (-1024 0 1016 ) (-1000 0 1016 ) (-1000 -1024 1016 ) (-1024 -1024 1016 ) 
4 43 47 0 (-1024 -1000 1000 ) (-1024 0 1000 ) (-1016 0 1000 ) (-1016 -1000 1000 ) 
4 43 45 0 (-1024 -1024 1000 ) (-1024 -1000 1000 ) (-1000 -1000 1000 ) (-1000 -1024 1000 ) 
4 43 44 0 (-1000 -1024 1000 ) (-1000 -1000 1000 ) (-1000 -1000 1016 ) (-1000 -1024 1016 ) 
4 44 46 0 (0 -1016 1000 ) (0 -1024 1000 ) (-1000 -1024 1000 ) (-1000 -1016 1000 ) 
4 45 49 0 (-1000 -1024 0 ) (-1024 -1024 0 ) (-1024 -1000 0 ) (-1000 -1000 0 ) 
4 45 47 0 (-1016 -1000 0 ) (-1024 -1000 0 ) (-1024 -1000 1000 ) (-1016 -1000 1000 ) 
4 45 46 0 (-1000 -1024 0 ) (-1000 -1016 0 ) (-1000 -1016 1000 ) (-1000 -1024 1000 ) 
4 46 50 0 (0 -1016 0 ) (0 -1024 0 ) (-1000 -1024 0 ) (-1000 -1016 0 ) 
4 47 51 0 (-1024 0 0 ) (-1016 0 0 ) (-1016 -1000 0 ) (-1024 -1000 0 ) 
4 48 52 0 (-1000 0 0 ) (0 0 0 ) (0 -1000 0 ) (-1000 -1000 0 ) 
4 49 54 0 (-1024 -1024 -1000 ) (-1024 -1000 -1000 ) (-1000 -1000 -1000 ) (-1000 -1024 -1000 ) 
4 49 51 0 (-1016 -1000 -1000 ) (-1024 -1000 -1000 ) (-1024 -1000 0 ) (-1016 -1000 0 ) 
4 49 50 0 (-1000 -1024 -1000 ) (-1000 -1016 -1000 ) (-1000 -1016 0 ) (-1000 -1024 0 ) 
4 50 55 0 (0 -1016 -1000 ) (0 -1024 -1000 ) (-1000 -1024 -1000 ) (-1000 -1016 -1000 ) 
4 51 54 0 (-1024 -1000 -1000 ) (-1024 0 -1000 ) (-1016 0 -1000 ) (-1016 -1000 -1000 ) 
4 53 55 0 (-1000 -1000 -1016 ) (-1000 -1024 -1016 ) (0 -1024 -1016 ) (0 -1000 -1016 ) 
4 53 54 0 (-1000 0 -1016 ) (-1024 0 -1016 ) (-1024 -1024 -1016 ) (-1000 -1024 -1016 ) 
4 54 55 0 (-1000 -1024 -1016 ) (-1000 -1000 -1016 ) (-1000 -1000 -1000 ) (-1000 -1024 -1000 ) 
4 0 (1000 1000 1000 ) (1000 0 1000 ) (1000 0 1016 ) (1000 1000 1016 ) 
4 0 (1016 0 1000 ) (1000 0 1000 ) (1000 1000 1000 ) (1016 1000 1000 ) 
4 1 (1016 1000 0 ) (1016 0 0 ) (1016 0 1000 ) (1016 1000 1000 ) 
4 1 (1024 1024 1000 ) (1024 1024 0 ) (1016 1024 0 ) (1016 1024 1000 ) 
4 1 (1024 1024 0 ) (1024 1024 1000 ) (1024 0 1000 ) (1024 0 0 ) 
4 2 (1000 1016 0 ) (1000 1000 0 ) (1000 1000 1000 ) (1000 1016 1000 ) 
4 2 (1016 1024 0 ) (1000 1024 0 ) (1000 1024 1000 ) (1016 1024 1000 ) 
4 2 (1016 1000 0 ) (1016 1000 1000 ) (1000 1000 1000 ) (1000 1000 0 ) 
4 3 (1000 1016 1000 ) (1000 1000 1000 ) (0 1000 1000 ) (0 1016 1000 ) 
4 3 (0 1000 1016 ) (0 1000 1000 ) (1000 1000 1000 ) (1000 1000 1016 ) 
4 3 (1000 1024 1024 ) (0 1024 1024 ) (0 1000 1024 ) (1000 1000 1024 ) 
4 3 (0 1024 1000 ) (0 1024 1024 ) (1000 1024 1024 ) (1000 1024 1000 ) 
4 4 (0 1000 1024 ) (0 0 1024 ) (1000 0 1024 ) (1000 1000 1024 ) 
4 4 (0 1000 1016 ) (1000 1000 1016 ) (1000 0 1016 ) (0 0 1016 ) 
4 5 (1000 1024 0 ) (0 1024 0 ) (0 1024 1000 ) (1000 1024 1000 ) 
4 5 (0 1016 0 ) (1000 1016 0 ) (1000 1016 1000 ) (0 1016 1000 ) 
4 6 (0 1000 1000 ) (1000 1000 1000 ) (1000 1000 0 ) (0 1000 0 ) 
4 6 (1000 1000 1000 ) (1000 0 1000 ) (1000 0 0 ) (1000 1000 0 ) 
4 6 (0 1000 1000 ) (0 0 1000 ) (1000 0 1000 ) (1000 1000 1000 ) 
4 7 (1016 1000 -1000 ) (1016 0 -1000 ) (1016 0 0 ) (1016 1000 0 ) 
4 7 (1024 1024 0 ) (1024 1024 -1000 ) (1016 1024 -1000 ) (1016 1024 0 ) 
4 7 (1024 1024 -1000 ) (1024 1024 0 ) (1024 0 0 ) (1024 0 -1000 ) 
4 8 (1000 1000 0 ) (1000 1016 0 ) (1000 1016 -1000 ) (1000 1000 -1000 ) 
4 8 (1016 1024 -1000 ) (1000 1024 -1000 ) (1000 1024 0 ) (1016 1024 0 ) 
4 8 (1000 1000 0 ) (1000 1000 -1000 ) (1016 1000 -1000 ) (1016 1000 0 ) 
4 9 (1000 0 -1016 ) (1000 0 -1000 ) (1000 1000 -1000 ) (1000 1000 -1016 ) 
4 9 (1016 1000 -1000 ) (1000 1000 -1000 ) (1000 0 -1000 ) (1016 0 -1000 ) 
4 9 (1024 0 -1024 ) (1024 1024 -1024 ) (1024 1024 -1000 ) (1024 0 -1000 ) 
4 9 (1024 1024 -1000 ) (1024 1024 -1024 ) (1000 1024 -1024 ) (1000 1024 -1000 ) 
4 9 (1000 1024 -1024 ) (1024 1024 -1024 ) (1024 0 -1024 ) (1000 0 -1024 ) 
4 10 (0 1024 -1000 ) (0 1024 0 ) (1000 1024 0 ) (1000 1024 -1000 ) 
4 10 (0 1016 -1000 ) (1000 1016 -1000 ) (1000 1016 0 ) (0 1016 0 ) 
4 11 (1000 1000 -1000 ) (1000 0 -1000 ) (0 0 -1000 ) (0 1000 -1000 ) 
4 11 (0 1000 0 ) (1000 1000 0 ) (1000 1000 -1000 ) (0 1000 -1000 ) 
4 11 (1000 1000 -1000 ) (1000 1000 0 ) (1000 0 0 ) (1000 0 -1000 ) 
4 12 (1000 1000 -1016 ) (1000 1000 -1000 ) (0 1000 -1000 ) (0 1000 -1016 ) 
4 12 (0 1000 -1024 ) (0 1024 -1024 ) (1000 1024 -1024 ) (1000 1000 -1024 ) 
4 12 (1000 1024 -1024 ) (0 1024 -1024 ) (0 1024 -1000 ) (1000 1024 -1000 ) 
4 12 (0 1016 -1000 ) (0 1000 -1000 ) (1000 1000 -1000 ) (1000 1016 -1000 ) 
4 13 (0 0 -1024 ) (0 1000 -1024 ) (1000 1000 -1024 ) (1000 0 -1024 ) 
4 13 (1000 1000 -1016 ) (0 1000 -1016 ) (0 0 -1016 ) (1000 0 -1016 ) 
4 14 (1000 0 1016 ) (1000 0 1000 ) (1000 -1000 1000 ) (1000 -1000 1016 ) 
4 14 (1000 -1000 1000 ) (1000 0 1000 ) (1016 0 1000 ) (1016 -1000 1000 ) 
4 14 (1024 -1024 1024 ) (1024 -1024 1000 ) (1024 0 1000 ) (1024 0 1024 ) 
4 14 (1024 -1024 1000 ) (1024 -1024 1024 ) (1000 -1024 1024 ) (1000 -1024 1000 ) 
4 14 (1000 -1024 1024 ) (1024 -1024 1024 ) (1024 0 1024 ) (1000 0 1024 ) 
4 15 (1016 0 0 ) (1016 -1000 0 ) (1016 -1000 1000 ) (1016 0 1000 ) 
4 15 (1024 -1024 0 ) (1024 -1024 1000 ) (1016 -1024 1000 ) (1016 -1024 0 ) 
4 15 (1024 -1024 1000 ) (1024 -1024 0 ) (1024 0 0 ) (1024 0 1000 ) 
4 16 (1000 -1000 0 ) (1000 -1016 0 ) (1000 -1016 1000 ) (1000 -1000 1000 ) 
4 16 (1016 -1024 1000 ) (1000 -1024 1000 ) (1000 -1024 0 ) (1016 -1024 0 ) 
4 16 (1016 -1000 1000 ) (1016 -1000 0 ) (1000 -1000 0 ) (1000 -1000 1000 ) 
4 17 (0 -1000 1016 ) (0 0 1016 ) (1000 0 1016 ) (1000 -1000 1016 ) 
4 17 (0 -1024 1024 ) (1000 -1024 1024 ) (1000 0 1024 ) (0 0 1024 ) 
4 17 (1000 -1024 1024 ) (0 -1024 1024 ) (0 -1024 1016 ) (1000 -1024 1016 ) 
4 18 (0 -1016 1000 ) (0 -1000 1000 ) (1000 -1000 1000 ) (1000 -1016 1000 ) 
4 18 (0 -1024 1016 ) (0 -1024 1000 ) (1000 -1024 1000 ) (1000 -1024 1016 ) 
4 18 (1000 -1000 1000 ) (0 -1000 1000 ) (0 -1000 1016 ) (1000 -1000 1016 ) 
4 19 (0 -1016 1000 ) (1000 -1016 1000 ) (1000 -1016 0 ) (0 -1016 0 ) 
4 19 (0 -1024 1000 ) (0 -1024 0 ) (1000 -1024 0 ) (1000 -1024 1000 ) 
4 20 (1000 -1000 1000 ) (1000 0 1000 ) (0 0 1000 ) (0 -1000 1000 ) 
4 20 (1000 -1000 1000 ) (1000 -1000 0 ) (1000 0 0 ) (1000 0 1000 ) 
4 20 (0 -1000 0 ) (1000 -1000 0 ) (1000 -1000 1000 ) (0 -1000 1000 ) 
4 21 (1016 0 -1000 ) (1016 -1000 -1000 ) (1016 -1000 0 ) (1016 0 0 ) 
4 21 (1024 -1024 -1000 ) (1024 -1024 0 ) (1016 -1024 0 ) (1016 -1024 -1000 ) 
4 21 (1024 -1024 0 ) (1024 -1024 -1000 ) (1024 0 -1000 ) (1024 0 0 ) 
4 22 (1000 -1016 0 ) (1000 -1000 0 ) (1000 -1000 -1000 ) (1000 -1016 -1000 ) 
4 22 (1016 -1024 0 ) (1000 -1024 0 ) (1000 -1024 -1000 ) (1016 -1024 -1000 ) 
4 22 (1016 -1000 0 ) (1016 -1000 -1000 ) (1000 -1000 -1000 ) (1000 -1000 0 ) 
4 23 (1000 -1000 -1000 ) (1000 0 -1000 ) (1000 0 -1016 ) (1000 -1000 -1016 ) 
4 23 (1016 -1000 -1000 ) (1016 0 -1000 ) (1000 0 -1000 ) (1000 -1000 -1000 ) 
4 23 (1024 -1024 -1000 ) (1024 -1024 -1024 ) (1024 0 -1024 ) (1024 0 -1000 ) 
4 23 (1000 -1024 -1024 ) (1024 -1024 -1024 ) (1024 -1024 -1000 ) (1000 -1024 -1000 ) 
4 23 (1024 -1024 -1024 ) (1000 -1024 -1024 ) (1000 0 -1024 ) (1024 0 -1024 ) 
4 24 (1000 -1016 0 ) (1000 -1016 -1000 ) (0 -1016 -1000 ) (0 -1016 0 ) 
4 24 (1000 -1024 -1000 ) (1000 -1024 0 ) (0 -1024 0 ) (0 -1024 -1000 ) 
4 25 (0 -1000 -1000 ) (0 0 -1000 ) (1000 0 -1000 ) (1000 -1000 -1000 ) 
4 25 (1000 -1000 -1000 ) (1000 0 -1000 ) (1000 0 0 ) (1000 -1000 0 ) 
4 25 (0 -1000 0 ) (0 -1000 -1000 ) (1000 -1000 -1000 ) (1000 -1000 0 ) 
4 26 (0 -1000 -1016 ) (0 -1000 -1000 ) (1000 -1000 -1000 ) (1000 -1000 -1016 ) 
4 26 (1000 -1024 -1024 ) (0 -1024 -1024 ) (0 -1000 -1024 ) (1000 -1000 -1024 ) 
4 26 (0 -1024 -1024 ) (1000 -1024 -1024 ) (1000 -1024 -1000 ) (0 -1024 -1000 ) 
4 26 (1000 -1016 -1000 ) (1000 -1000 -1000 ) (0 -1000 -1000 ) (0 -1016 -1000 ) 
4 27 (0 -1000 -1024 ) (0 0 -1024 ) (1000 0 -1024 ) (1000 -1000 -1024 ) 
4 27 (0 -1000 -1016 ) (1000 -1000 -1016 ) (1000 0 -1016 ) (0 0 -1016 ) 
4 28 (-1000 1000 1000 ) (0 1000 1000 ) (0 1000 1016 ) (-1000 1000 1016 ) 
4 28 (0 1000 1000 ) (-1000 1000 1000 ) (-1000 1016 1000 ) (0 1016 1000 ) 
4 28 (-1024 1024 1024 ) (-1024 1024 1000 ) (-1024 1000 1000 ) (-1024 1000 1024 ) 
4 28 (-1024 1024 1000 ) (-1024 1024 1024 ) (0 1024 1024 ) (0 1024 1000 ) 
4 28 (-1024 1024 1024 ) (-1024 1000 1024 ) (0 1000 1024 ) (0 1024 1024 ) 
4 29 (-1000 1016 0 ) (0 1016 0 ) (0 1016 1000 ) (-1000 1016 1000 ) 
4 29 (-1024 1024 0 ) (-1024 1024 1000 ) (0 1024 1000 ) (0 1024 0 ) 
4 29 (-1024 1024 1000 ) (-1024 1024 0 ) (-1024 1016 0 ) (-1024 1016 1000 ) 
4 30 (-1016 1000 0 ) (-1000 1000 0 ) (-1000 1000 1000 ) (-1016 1000 1000 ) 
4 30 (-1024 1016 0 ) (-1024 1000 0 ) (-1024 1000 1000 ) (-1024 1016 1000 ) 
4 30 (-1000 1016 0 ) (-1000 1016 1000 ) (-1000 1000 1000 ) (-1000 1000 0 ) 
4 31 (0 0 1016 ) (-1000 0 1016 ) (-1000 1000 1016 ) (0 1000 1016 ) 
4 31 (-1024 1000 1024 ) (-1024 0 1024 ) (0 0 1024 ) (0 1000 1024 ) 
4 31 (-1024 0 1016 ) (-1024 0 1024 ) (-1024 1000 1024 ) (-1024 1000 1016 ) 
4 32 (-1000 0 1000 ) (-1016 0 1000 ) (-1016 1000 1000 ) (-1000 1000 1000 ) 
4 32 (-1024 0 1000 ) (-1024 0 1016 ) (-1024 1000 1016 ) (-1024 1000 1000 ) 
4 32 (-1000 0 1000 ) (-1000 1000 1000 ) (-1000 1000 1016 ) (-1000 0 1016 ) 
4 33 (-1016 0 0 ) (-1016 1000 0 ) (-1016 1000 1000 ) (-1016 0 1000 ) 
4 33 (-1024 1000 0 ) (-1024 0 0 ) (-1024 0 1000 ) (-1024 1000 1000 ) 
4 34 (0 1000 1000 ) (-1000 1000 1000 ) (-1000 0 1000 ) (0 0 1000 ) 
4 34 (-1000 1000 1000 ) (0 1000 1000 ) (0 1000 0 ) (-1000 1000 0 ) 
4 34 (-1000 0 1000 ) (-1000 1000 1000 ) (-1000 1000 0 ) (-1000 0 0 ) 
4 35 (-1000 1016 -1000 ) (0 1016 -1000 ) (0 1016 0 ) (-1000 1016 0 ) 
4 35 (-1024 1024 -1000 ) (-1024 1024 0 ) (0 1024 0 ) (0 1024 -1000 ) 
4 35 (-1024 1024 0 ) (-1024 1024 -1000 ) (-1024 1016 -1000 ) (-1024 1016 0 ) 
4 36 (-1000 1000 0 ) (-1016 1000 0 ) (-1016 1000 -1000 ) (-1000 1000 -1000 ) 
4 36 (-1024 1016 -1000 ) (-1024 1000 -1000 ) (-1024 1000 0 ) (-1024 1016 0 ) 
4 36 (-1000 1000 0 ) (-1000 1000 -1000 ) (-1000 1016 -1000 ) (-1000 1016 0 ) 
4 37 (0 1000 -1016 ) (0 1000 -1000 ) (-1000 1000 -1000 ) (-1000 1000 -1016 ) 
4 37 (0 1016 -1000 ) (-1000 1016 -1000 ) (-1000 1000 -1000 ) (0 1000 -1000 ) 
4 37 (-1024 1024 -1000 ) (-1024 1024 -1024 ) (-1024 1000 -1024 ) (-1024 1000 -1000 ) 
4 37 (0 1024 -1024 ) (-1024 1024 -1024 ) (-1024 1024 -1000 ) (0 1024 -1000 ) 
4 37 (-1024 1000 -1024 ) (-1024 1024 -1024 ) (0 1024 -1024 ) (0 1000 -1024 ) 
4 38 (-1016 0 -1000 ) (-1016 1000 -1000 ) (-1016 1000 0 ) (-1016 0 0 ) 
4 38 (-1024 0 -1000 ) (-1024 0 0 ) (-1024 1000 0 ) (-1024 1000 -1000 ) 
4 39 (0 0 -1000 ) (-1000 0 -1000 ) (-1000 1000 -1000 ) (0 1000 -1000 ) 
4 39 (-1000 1000 -1000 ) (-1000 1000 0 ) (0 1000 0 ) (0 1000 -1000 ) 
4 39 (-1000 0 0 ) (-1000 1000 0 ) (-1000 1000 -1000 ) (-1000 0 -1000 ) 
4 40 (-1000 1000 -1016 ) (-1000 1000 -1000 ) (-1000 0 -1000 ) (-1000 0 -1016 ) 
4 40 (-1024 0 -1024 ) (-1024 1000 -1024 ) (-1000 1000 -1024 ) (-1000 0 -1024 ) 
4 40 (-1024 1000 -1024 ) (-1024 0 -1024 ) (-1024 0 -1000 ) (-1024 1000 -1000 ) 
4 40 (-1000 1000 -1000 ) (-1016 1000 -1000 ) (-1016 0 -1000 ) (-1000 0 -1000 ) 
4 41 (-1000 1000 -1024 ) (0 1000 -1024 ) (0 0 -1024 ) (-1000 0 -1024 ) 
4 41 (0 1000 -1016 ) (-1000 1000 -1016 ) (-1000 0 -1016 ) (0 0 -1016 ) 
4 42 (-1000 0 1016 ) (0 0 1016 ) (0 -1000 1016 ) (-1000 -1000 1016 ) 
4 42 (-1024 -1024 1016 ) (-1024 -1024 1024 ) (-1024 0 1024 ) (-1024 0 1016 ) 
4 42 (-1024 -1024 1024 ) (-1024 -1024 1016 ) (0 -1024 1016 ) (0 -1024 1024 ) 
4 42 (-1024 0 1024 ) (-1024 -1024 1024 ) (0 -1024 1024 ) (0 0 1024 ) 
4 43 (-1016 0 1000 ) (-1000 0 1000 ) (-1000 -1000 1000 ) (-1016 -1000 1000 ) 
4 43 (-1000 -1000 1000 ) (-1000 0 1000 ) (-1000 0 1016 ) (-1000 -1000 1016 ) 
4 43 (-1024 -1024 1016 ) (-1024 -1024 1000 ) (-1000 -1024 1000 ) (-1000 -1024 1016 ) 
4 43 (-1024 -1024 1000 ) (-1024 -1024 1016 ) (-1024 0 1016 ) (-1024 0 1000 ) 
4 44 (0 -1000 1000 ) (0 -1016 1000 ) (-1000 -1016 1000 ) (-1000 -1000 1000 ) 
4 44 (-1000 -1024 1000 ) (0 -1024 1000 ) (0 -1024 1016 ) (-1000 -1024 1016 ) 
4 44 (0 -1000 1000 ) (-1000 -1000 1000 ) (-1000 -1000 1016 ) (0 -1000 1016 ) 
4 45 (-1000 -1000 0 ) (-1016 -1000 0 ) (-1016 -1000 1000 ) (-1000 -1000 1000 ) 
4 45 (-1000 -1016 0 ) (-1000 -1000 0 ) (-1000 -1000 1000 ) (-1000 -1016 1000 ) 
4 45 (-1024 -1024 1000 ) (-1024 -1024 0 ) (-1000 -1024 0 ) (-1000 -1024 1000 ) 
4 45 (-1024 -1024 0 ) (-1024 -1024 1000 ) (-1024 -1000 1000 ) (-1024 -1000 0 ) 
4 46 (-1000 -1024 0 ) (0 -1024 0 ) (0 -1024 1000 ) (-1000 -1024 1000 ) 
4 46 (0 -1016 0 ) (-1000 -1016 0 ) (-1000 -1016 1000 ) (0 -1016 1000 ) 
4 47 (-1016 -1000 1000 ) (-1016 -1000 0 ) (-1016 0 0 ) (-1016 0 1000 ) 
4 47 (-1024 -1000 1000 ) (-1024 0 1000 ) (-1024 0 0 ) (-1024 -1000 0 ) 
4 48 (0 -1000 1000 ) (-1000 -1000 1000 ) (-1000 -1000 0 ) (0 -1000 0 ) 
4 48 (-1000 -1000 1000 ) (0 -1000 1000 ) (0 0 1000 ) (-1000 0 1000 ) 
4 48 (-1000 0 1000 ) (-1000 0 0 ) (-1000 -1000 0 ) (-1000 -1000 1000 ) 
4 49 (-1000 -1000 -1000 ) (-1016 -1000 -1000 ) (-1016 -1000 0 ) (-1000 -1000 0 ) 
4 49 (-1000 -1016 -1000 ) (-1000 -1000 -1000 ) (-1000 -1000 0 ) (-1000 -1016 0 ) 
4 49 (-1024 -1024 0 ) (-1024 -1024 -1000 ) (-1000 -1024 -1000 ) (-1000 -1024 0 ) 
4 49 (-1024 -1024 -1000 ) (-1024 -1024 0 ) (-1024 -1000 0 ) (-1024 -1000 -1000 ) 
4 50 (-1000 -1024 -1000 ) (0 -1024 -1000 ) (0 -1024 0 ) (-1000 -1024 0 ) 
4 50 (0 -1016 -1000 ) (-1000 -1016 -1000 ) (-1000 -1016 0 ) (0 -1016 0 ) 
4 51 (-1016 -1000 0 ) (-1016 -1000 -1000 ) (-1016 0 -1000 ) (-1016 0 0 ) 
4 51 (-1024 -1000 0 ) (-1024 0 0 ) (-1024 0 -1000 ) (-1024 -1000 -1000 ) 
4 52 (-1000 0 -1000 ) (0 0 -1000 ) (0 -1000 -1000 ) (-1000 -1000 -1000 ) 
4 52 (0 -1000 0 ) (-1000 -1000 0 ) (-1000 -1000 -1000 ) (0 -1000 -1000 ) 
4 52 (-1000 0 0 ) (-1000 0 -1000 ) (-1000 -1000 -1000 ) (-1000 -1000 0 ) 
4 53 (0 0 -1016 ) (-1000 0 -1016 ) (-1000 -1000 -1016 ) (0 -1000 -1016 ) 
4 53 (-1024 0 -1024 ) (-1024 -1024 -1024 ) (-1024 -1024 -1016 ) (-1024 0 -1016 ) 
4 53 (-1024 -1024 -1016 ) (-1024 -1024 -1024 ) (0 -1024 -1024 ) (0 -1024 -1016 ) 
4 53 (0 -1024 -1024 ) (-1024 -1024 -1024 ) (-1024 0 -1024 ) (0 0 -1024 ) 
4 54 (-1000 -1000 -1016 ) (-1000 0 -1016 ) (-1000 0 -1000 ) (-1000 -1000 -1000 ) 
4 54 (-1016 -1000 -1000 ) (-1000 -1000 -1000 ) (-1000 0 -1000 ) (-1016 0 -1000 ) 
4 54 (-1024 -1024 -1000 ) (-1024 -1024 -1016 ) (-1000 -1024 -1016 ) (-1000 -1024 -1000 ) 
4 54 (-1024 -1024 -1016 ) (-1024 -1024 -1000 ) (-1024 0 -1000 ) (-1024 0 -1016 ) 
4 55 (-1000 -1024 -1016 ) (0 -1024 -1016 ) (0 -1024 -1000 ) (-1000 -1024 -1000 ) 
4 55 (-1000 -1016 -1000 ) (0 -1016 -1000 ) (0 -1000 -1000 ) (-1000 -1000 -1000 ) 
4 55 (0 -1000 -1016 ) (-1000 -1000 -1016 ) (-1000 -1000 -1000 ) (0 -1000 -1000 ) 
