PRT1
8
12
24
4 0 4 0 (0 0 0 ) (0 0 1000 ) (0 1000 1000 ) (0 1000 0 ) 
4 0 2 0 (0 0 1000 ) (0 0 0 ) (1000 0 0 ) (1000 0 1000 ) 
4 0 1 0 (1000 0 0 ) (0 0 0 ) (0 1000 0 ) (1000 1000 0 ) 
4 1 5 0 (0 0 -1000 ) (0 0 0 ) (0 1000 0 ) (0 1000 -1000 ) 
4 1 3 0 (0 0 0 ) (0 0 -1000 ) (1000 0 -1000 ) (1000 0 0 ) 
4 2 6 0 (0 0 1000 ) (0 0 0 ) (0 -1000 0 ) (0 -1000 1000 ) 
4 2 3 0 (0 -1000 0 ) (0 0 0 ) (1000 0 0 ) (1000 -1000 0 ) 
4 3 7 0 (0 -1000 0 ) (0 0 0 ) (0 0 -1000 ) (0 -1000 -1000 ) 
4 4 6 0 (-1000 0 0 ) (0 0 0 ) (0 0 1000 ) (-1000 0 1000 ) 
4 4 5 0 (0 0 0 ) (-1000 0 0 ) (-1000 1000 0 ) (0 1000 0 ) 
4 5 7 0 (-1000 0 -1000 ) (0 0 -1000 ) (0 0 0 ) (-1000 0 0 ) 
4 6 7 0 (-1000 0 0 ) (0 0 0 ) (0 -1000 0 ) (-1000 -1000 0 ) 
4 0 (1000 1000 1000 ) (0 1000 1000 ) (0 0 1000 ) (1000 0 1000 ) 
4 0 (1000 1000 1000 ) (1000 1000 0 ) (0 1000 0 ) (0 1000 1000 ) 
4 0 (1000 0 0 ) (1000 1000 0 ) (1000 1000 1000 ) (1000 0 1000 ) 
4 1 (1000 0 -1000 ) (0 0 -1000 ) (0 1000 -1000 ) (1000 1000 -1000 ) 
4 1 (1000 1000 -1000 ) (0 1000 -1000 ) (0 1000 0 ) (1000 1000 0 ) 
4 1 (1000 0 0 ) (1000 0 -1000 ) (1000 1000 -1000 ) (1000 1000 0 ) 
4 2 (0 -1000 1000 ) (0 -1000 0 ) (1000 -1000 0 ) (1000 -1000 1000 ) 
4 2 (1000 -1000 1000 ) (1000 -1000 0 ) (1000 0 0 ) (1000 0 1000 ) 
4 2 (1000 0 1000 ) (0 0 1000 ) (0 -1000 1000 ) (1000 -1000 1000 ) 
4 3 (0 -1000 -1000 ) (0 0 -1000 ) (1000 0 -1000 ) (1000 -1000 -1000 ) 
4 3 (1000 -1000 -1000 ) (1000 0 -1000 ) (1000 0 0 ) (1000 -1000 0 ) 
4 3 (0 -1000 -1000 ) (1000 -1000 -1000 ) (1000 -1000 0 ) (0 -1000 0 ) 
4 4 (-1000 1000 1000 ) (-1000 1000 0 ) (-1000 0 0 ) (-1000 0 1000 ) 
4 4 (-1000 1000 1000 ) (0 1000 1000 ) (0 1000 0 ) (-1000 1000 0 ) 
4 4 (0 1000 1000 ) (-1000 1000 1000 ) (-1000 0 1000 ) (0 0 1000 ) 
4 5 (0 0 -1000 ) (-1000 0 -1000 ) (-1000 1000 -1000 ) (0 1000 -1000 ) 
4 5 (-1000 1000 -1000 ) (-1000 1000 0 ) (0 1000 0 ) (0 1000 -1000 ) 
4 5 (-1000 1000 0 ) (-1000 1000 -1000 ) (-1000 0 -1000 ) (-1000 0 0 ) 
4 6 (-1000 0 0 ) (-1000 -1000 0 ) (-1000 -1000 1000 ) (-1000 0 1000 ) 
4 6 (-1000 -1000 1000 ) (0 -1000 1000 ) (0 0 1000 ) (-1000 0 1000 ) 
4 6 (-1000 -1000 1000 ) (-1000 -1000 0 ) (0 -1000 0 ) (0 -1000 1000 ) 
4 7 (0 -1000 -1000 ) (-1000 -1000 -1000 ) (-1000 0 -1000 ) (0 0 -1000 ) 
4 7 (0 -1000 -1000 ) (0 -1000 0 ) (-1000 -1000 0 ) (-1000 -1000 -1000 ) 
4 7 (-1000 0 -1000 ) (-1000 -1000 -1000 ) (-1000 -1000 0 ) (-1000 0 0 ) 
